<?xml version="1.0" encoding="UTF-8"?>
<testsuite name="demo.SeleniumTest" tests="1" skipped="0" failures="0" errors="0" timestamp="2020-04-28T08:19:36" hostname="Hafizs-MacBook-Pro-559.local" time="5.838">
  <properties/>
  <testcase name="searching" classname="demo.SeleniumTest" time="5.838"/>
  <system-out><![CDATA[]]></system-out>
  <system-err><![CDATA[Starting ChromeDriver 80.0.3987.106 (f68069574609230cf9b635cd784cfb1bf81bb53a-refs/branch-heads/3987@{#882}) on port 2423
Only local connections are allowed.
[1588061976.492][WARNING]: FromSockAddr failed on netmask
Please protect ports used by ChromeDriver and related test frameworks to prevent access by malicious code.
[1588061977.777][WARNING]: This version of ChromeDriver has not been tested with Chrome version 81.
Apr 28, 2020 3:19:38 PM org.openqa.selenium.remote.ProtocolHandshake createSession
INFO: Detected dialect: W3C
[1588061978.580][SEVERE]: Timed out receiving message from renderer: 0.100
[1588061981.091][SEVERE]: Timed out receiving message from renderer: 0.100
[1588061981.523][SEVERE]: Timed out receiving message from renderer: 0.100
[1588061981.625][SEVERE]: Timed out receiving message from renderer: 0.100
[1588061981.726][SEVERE]: Timed out receiving message from renderer: 0.100
[1588061981.831][SEVERE]: Timed out receiving message from renderer: 0.100
]]></system-err>
</testsuite>
